[debug] [2023-10-10T16:13:30.675Z] ----------------------------------------------------------------------
[debug] [2023-10-10T16:13:30.679Z] Command:       C:\Program Files\nodejs\node.exe C:\Users\Sudeep\AppData\Roaming\npm\node_modules\firebase-tools\lib\bin\firebase.js init
[debug] [2023-10-10T16:13:30.679Z] CLI Version:   12.6.2
[debug] [2023-10-10T16:13:30.680Z] Platform:      win32
[debug] [2023-10-10T16:13:30.680Z] Node Version:  v19.8.1
[debug] [2023-10-10T16:13:30.680Z] Time:          Tue Oct 10 2023 21:43:30 GMT+0530 (India Standard Time)
[debug] [2023-10-10T16:13:30.680Z] ----------------------------------------------------------------------
[debug] 
[debug] [2023-10-10T16:13:30.687Z] > command requires scopes: ["email","openid","https://www.googleapis.com/auth/cloudplatformprojects.readonly","https://www.googleapis.com/auth/firebase","https://www.googleapis.com/auth/cloud-platform"]
[debug] [2023-10-10T16:13:30.687Z] > authorizing via signed-in user (sudeepkumarsingh2003@gmail.com)
[info] 
     ######## #### ########  ######## ########     ###     ######  ########
     ##        ##  ##     ## ##       ##     ##  ##   ##  ##       ##
     ######    ##  ########  ######   ########  #########  ######  ######
     ##        ##  ##    ##  ##       ##     ## ##     ##       ## ##
     ##       #### ##     ## ######## ########  ##     ##  ######  ########

You're about to initialize a Firebase project in this directory:

  D:\MYPROJECTS\convertrix

[info] 
=== Project Setup
[info] 
[info] First, let's associate this project directory with a Firebase project.
[info] You can create multiple project aliases by running firebase use --add, 
[info] but for now we'll just set up a default project.
[info] 
[debug] [2023-10-10T16:13:40.982Z] >>> [apiv2][query] GET https://firebase.googleapis.com/v1beta1/projects pageSize=100
[debug] [2023-10-10T16:13:42.077Z] <<< [apiv2][status] GET https://firebase.googleapis.com/v1beta1/projects 200
[debug] [2023-10-10T16:13:42.077Z] <<< [apiv2][body] GET https://firebase.googleapis.com/v1beta1/projects [omitted]
[debug] [2023-10-10T16:15:10.546Z] ----------------------------------------------------------------------
[debug] [2023-10-10T16:15:10.549Z] Command:       C:\Program Files\nodejs\node.exe C:\Users\Sudeep\AppData\Roaming\npm\node_modules\firebase-tools\lib\bin\firebase.js init
[debug] [2023-10-10T16:15:10.550Z] CLI Version:   12.6.2
[debug] [2023-10-10T16:15:10.550Z] Platform:      win32
[debug] [2023-10-10T16:15:10.550Z] Node Version:  v19.8.1
[debug] [2023-10-10T16:15:10.551Z] Time:          Tue Oct 10 2023 21:45:10 GMT+0530 (India Standard Time)
[debug] [2023-10-10T16:15:10.551Z] ----------------------------------------------------------------------
[debug] 
[debug] [2023-10-10T16:15:10.559Z] > command requires scopes: ["email","openid","https://www.googleapis.com/auth/cloudplatformprojects.readonly","https://www.googleapis.com/auth/firebase","https://www.googleapis.com/auth/cloud-platform"]
[debug] [2023-10-10T16:15:10.559Z] > authorizing via signed-in user (sudeepkumarsingh2003@gmail.com)
[info] 
     ######## #### ########  ######## ########     ###     ######  ########
     ##        ##  ##     ## ##       ##     ##  ##   ##  ##       ##
     ######    ##  ########  ######   ########  #########  ######  ######
     ##        ##  ##    ##  ##       ##     ## ##     ##       ## ##
     ##       #### ##     ## ######## ########  ##     ##  ######  ########

You're about to initialize a Firebase project in this directory:

  D:\MYPROJECTS\convertrix

[info] 
=== Project Setup
[info] 
[info] First, let's associate this project directory with a Firebase project.
[info] You can create multiple project aliases by running firebase use --add, 
[info] but for now we'll just set up a default project.
[info] 
[info] i  If you want to create a project in a Google Cloud organization or folder, please use "firebase projects:create" instead, and return to this command when you've created the project. 
[debug] [2023-10-10T16:16:39.415Z] >>> [apiv2][query] POST https://cloudresourcemanager.googleapis.com/v1/projects [none]
[debug] [2023-10-10T16:16:39.415Z] >>> [apiv2][body] POST https://cloudresourcemanager.googleapis.com/v1/projects {"projectId":" convertrix","name":"convertrix"}
[debug] [2023-10-10T16:16:41.211Z] <<< [apiv2][status] POST https://cloudresourcemanager.googleapis.com/v1/projects 400
[debug] [2023-10-10T16:16:41.211Z] <<< [apiv2][body] POST https://cloudresourcemanager.googleapis.com/v1/projects {"error":{"code":400,"message":"field [project_id] has issue [project_id contains invalid characters]","status":"INVALID_ARGUMENT","details":[{"@type":"type.googleapis.com/google.rpc.BadRequest","fieldViolations":[{"field":"project_id","description":"project_id contains invalid characters"}]},{"@type":"type.googleapis.com/google.rpc.Help","links":[{"url":"https://cloud.google.com/resource-manager/reference/rest/v1/projects"}]}]}}
[debug] [2023-10-10T16:16:41.213Z] FirebaseError: HTTP Error: 400, field [project_id] has issue [project_id contains invalid characters]
    at responseToError (C:\Users\Sudeep\AppData\Roaming\npm\node_modules\firebase-tools\lib\responseToError.js:49:12)
    at RetryOperation._fn (C:\Users\Sudeep\AppData\Roaming\npm\node_modules\firebase-tools\lib\apiv2.js:285:77)
    at process.processTicksAndRejections (node:internal/process/task_queues:95:5)
[error] 
[error] Error: Failed to create project. See firebase-debug.log for more info.
